<?xml version="1.0" encoding="UTF-8"?>
<!-- Generated by org.testng.reporters.JUnitReportReporter -->
<testsuite name="com.epam.tlmd.tests.TestTitle" tests="1" time="24.205" ignored="0" failures="0" timestamp="31 мая 2017 10:34:52 GMT" skipped="0" hostname="user-PC" errors="0">
  <testcase name="checkTitle" time="24.205" classname="com.epam.tlmd.tests.TestTitle"/>
</testsuite> <!-- com.epam.tlmd.tests.TestTitle -->
